Dataset selected: ./DATASET/CNRP.ds
Network: malexcnrs68.keras
Network trained: trained
Batch size: 64
Epoch(s): 6
Random seed: 68
Shuffle: Yes
Reshape image: Interpolation: cubic
Learning rate: 0.0008 * 0.75 every 2 epoch(s)
Image shape requested: (150x150x3)

HISTORY TRAINING DATA:
Epochs: 6
Best Valid. loss value: 0.09082212299108505 at epoch: 5

Accuracy:
[0.9497528672218323, 0.9717333316802979, 0.9761252403259277, 0.978157103061676, 0.9792577028274536, 0.9801784157752991]

Loss
[0.26525020599365234, 0.08749134838581085, 0.07418336719274521, 0.06893979012966156, 0.06363363564014435, 0.06191461160778999]

Valid. accuracy
[0.9722743630409241, 0.9753311276435852, 0.9761891961097717, 0.9780662059783936, 0.977208137512207, 0.9761891961097717]

Valid. loss
[0.10367685556411743, 0.09699763357639313, 0.09173793345689774, 0.09147471934556961, 0.09082212299108505, 0.09459830075502396]


TRAINING TIME: 0d:0h:30m:26s