Dataset selected: ./DATASET/CNRP.ds
Network: malexcnr.keras
Network trained: trained
Batch size: 64
Epoch(s): 6
Random seed: 2
Shuffle: Yes
Reshape image: Interpolation: cubic
Learning rate: 0.0008 * 0.75 every 2 epoch(s)
Image shape requested: (150x150x3)

HISTORY TRAINING DATA:
Epochs: 6
Best Valid. loss value: 0.08456379175186157 at epoch: 5

Accuracy:
[0.9543775916099548, 0.9733207821846008, 0.9771835207939148, 0.9790884256362915, 0.9806546568870544, 0.9807499051094055]

Loss
[0.20279528200626373, 0.08233484625816345, 0.0687541663646698, 0.06377337872982025, 0.05925631523132324, 0.057840362191200256]

Valid. accuracy
[0.9677696228027344, 0.9724888801574707, 0.9762428402900696, 0.9766718745231628, 0.9777980446815491, 0.9777980446815491]

Valid. loss
[0.11248397827148438, 0.09230071306228638, 0.08798720687627792, 0.08542335033416748, 0.08456379175186157, 0.08574416488409042]


TRAINING TIME: 0d:0h:29m:5s